[24796] 2026/06/26 17:54:31.058434 [INF] Starting nats-server
[24796] 2026/06/26 17:54:31.058434 [INF]   Version:  2.14.2
[24796] 2026/06/26 17:54:31.058434 [INF]   Git:      [1d06592]
[24796] 2026/06/26 17:54:31.058434 [INF]   Name:     revenueos_dev
[24796] 2026/06/26 17:54:31.058434 [INF]   Node:     W9oltaBG
[24796] 2026/06/26 17:54:31.058434 [INF]   ID:       NDCJL7FUMAMHCB2DPAHV2ZSQ5GT62PX2Z6YH74IQVE4HTBWL6PW7OQPY
[24796] 2026/06/26 17:54:31.059691 [INF] Starting JetStream
[24796] 2026/06/26 17:54:31.062684 [INF]     _ ___ _____ ___ _____ ___ ___   _   __  __
[24796] 2026/06/26 17:54:31.062684 [INF]  _ | | __|_   _/ __|_   _| _ \ __| /_\ |  \/  |
[24796] 2026/06/26 17:54:31.063109 [INF] | || | _|  | | \__ \ | | |   / _| / _ \| |\/| |
[24796] 2026/06/26 17:54:31.063109 [INF]  \__/|___| |_| |___/ |_| |_|_\___/_/ \_\_|  |_|
[24796] 2026/06/26 17:54:31.063109 [INF] 
[24796] 2026/06/26 17:54:31.063109 [INF]          https://docs.nats.io/jetstream
[24796] 2026/06/26 17:54:31.063109 [INF] 
[24796] 2026/06/26 17:54:31.063109 [INF] ---------------- JETSTREAM ----------------
[24796] 2026/06/26 17:54:31.063109 [INF]   Strict:          true
[24796] 2026/06/26 17:54:31.063109 [INF]   Max Memory:      5.91 GB
[24796] 2026/06/26 17:54:31.063109 [INF]   Max Storage:     1.00 TB
[24796] 2026/06/26 17:54:31.063109 [INF]   Store Directory: "C:\Users\Lenovo\saleshouse\tools\nats-data\jetstream"
[24796] 2026/06/26 17:54:31.063109 [INF]   API Level:       4
[24796] 2026/06/26 17:54:31.063109 [INF] -------------------------------------------
[24796] 2026/06/26 17:54:31.064634 [INF] Took 4.9436ms to start JetStream
[24796] 2026/06/26 17:54:31.067632 [INF] Listening for client connections on 0.0.0.0:4222
[24796] 2026/06/26 17:54:31.256557 [INF] Server is ready
